Performing C SOURCE FILE Test CMAKE_HAVE_LIBC_PTHREAD failed with the following output:
Change Dir: /home/yc/ros/fusion/build/CMakeFiles/CMakeTmp

Run Build Command(s):/usr/bin/make cmTC_dfafb/fast && /usr/bin/make -f CMakeFiles/cmTC_dfafb.dir/build.make CMakeFiles/cmTC_dfafb.dir/build
make[1]: Entering directory '/home/yc/ros/fusion/build/CMakeFiles/CMakeTmp'
Building C object CMakeFiles/cmTC_dfafb.dir/src.c.o
/usr/bin/clang-12   -DCMAKE_HAVE_LIBC_PTHREAD   -o CMakeFiles/cmTC_dfafb.dir/src.c.o   -c /home/yc/ros/fusion/build/CMakeFiles/CMakeTmp/src.c
Linking C executable cmTC_dfafb
/usr/bin/cmake -E cmake_link_script CMakeFiles/cmTC_dfafb.dir/link.txt --verbose=1
/usr/bin/clang-12  -DCMAKE_HAVE_LIBC_PTHREAD    CMakeFiles/cmTC_dfafb.dir/src.c.o  -o cmTC_dfafb 
/usr/bin/ld: CMakeFiles/cmTC_dfafb.dir/src.c.o: in function `main':
src.c:(.text+0x35): undefined reference to `pthread_create'
/usr/bin/ld: src.c:(.text+0x3e): undefined reference to `pthread_detach'
/usr/bin/ld: src.c:(.text+0x4b): undefined reference to `pthread_join'
clang: error: linker command failed with exit code 1 (use -v to see invocation)
make[1]: *** [CMakeFiles/cmTC_dfafb.dir/build.make:87: cmTC_dfafb] Error 1
make[1]: Leaving directory '/home/yc/ros/fusion/build/CMakeFiles/CMakeTmp'
make: *** [Makefile:121: cmTC_dfafb/fast] Error 2


Source file was:
#include <pthread.h>

void* test_func(void* data)
{
  return data;
}

int main(void)
{
  pthread_t thread;
  pthread_create(&thread, NULL, test_func, NULL);
  pthread_detach(thread);
  pthread_join(thread, NULL);
  pthread_atfork(NULL, NULL, NULL);
  pthread_exit(NULL);

  return 0;
}

Determining if the function pthread_create exists in the pthreads failed with the following output:
Change Dir: /home/yc/ros/fusion/build/CMakeFiles/CMakeTmp

Run Build Command(s):/usr/bin/make cmTC_ed2ec/fast && /usr/bin/make -f CMakeFiles/cmTC_ed2ec.dir/build.make CMakeFiles/cmTC_ed2ec.dir/build
make[1]: Entering directory '/home/yc/ros/fusion/build/CMakeFiles/CMakeTmp'
Building C object CMakeFiles/cmTC_ed2ec.dir/CheckFunctionExists.c.o
/usr/bin/clang-12   -DCHECK_FUNCTION_EXISTS=pthread_create   -o CMakeFiles/cmTC_ed2ec.dir/CheckFunctionExists.c.o   -c /usr/share/cmake-3.16/Modules/CheckFunctionExists.c
Linking C executable cmTC_ed2ec
/usr/bin/cmake -E cmake_link_script CMakeFiles/cmTC_ed2ec.dir/link.txt --verbose=1
/usr/bin/clang-12  -DCHECK_FUNCTION_EXISTS=pthread_create    CMakeFiles/cmTC_ed2ec.dir/CheckFunctionExists.c.o  -o cmTC_ed2ec  -lpthreads 
/usr/bin/ld: cannot find -lpthreads
clang: error: linker command failed with exit code 1 (use -v to see invocation)
make[1]: *** [CMakeFiles/cmTC_ed2ec.dir/build.make:87: cmTC_ed2ec] Error 1
make[1]: Leaving directory '/home/yc/ros/fusion/build/CMakeFiles/CMakeTmp'
make: *** [Makefile:121: cmTC_ed2ec/fast] Error 2



